1538445828508	mozrunner::runner	INFO	Running command: "/usr/bin/firefox" "-marionette" "-foreground" "-no-remote" "-profile" "/tmp/rust_mozprofile.Bz6Xqbar1MJC"
1538445829744	Marionette	INFO	Listening on port 43803
1538445829814	Marionette	WARN	TLS certificate errors will be ignored for this session
1538445829848	Marionette	DEBUG	[2147483649] Frame script loaded
1538445829849	Marionette	DEBUG	[2147483649] Frame script registered
1538445829865	Marionette	DEBUG	[2147483649] Received DOM event beforeunload for about:blank
1538445830224	Marionette	DEBUG	[2147483649] Received DOM event pagehide for about:blank
1538445830238	Marionette	DEBUG	[2147483649] Received DOM event DOMContentLoaded for https://m.facebook.com/
1538445830401	Marionette	DEBUG	[2147483649] Received DOM event pageshow for https://m.facebook.com/

(/usr/lib/firefox/firefox:18135): dconf-WARNING **: 22:03:56.725: Unable to open /var/lib/snapd/desktop/dconf/profile/user: Permission denied
console.warn: LoginRecipes: getRecipes: falling back to a synchronous message for: https://m.facebook.com
console.warn: nsLoginManager: searchLogins: `formSubmitURL` or `httpRealm` is recommended
1538445897881	mozrunner::runner	INFO	Running command: "/usr/bin/firefox" "-marionette" "-foreground" "-no-remote" "-profile" "/tmp/rust_mozprofile.H3EGWt0IUJKc"
1538445899062	Marionette	INFO	Listening on port 33601
1538445899096	Marionette	WARN	TLS certificate errors will be ignored for this session
1538445899129	Marionette	DEBUG	[2147483649] Frame script loaded
1538445899130	Marionette	DEBUG	[2147483649] Frame script registered
1538445899146	Marionette	DEBUG	[2147483649] Received DOM event beforeunload for about:blank
1538445900499	Marionette	DEBUG	[2147483649] Received DOM event pagehide for about:blank
1538445900517	Marionette	DEBUG	[2147483649] Received DOM event DOMContentLoaded for https://m.facebook.com/
1538445900686	Marionette	DEBUG	[2147483649] Received DOM event pageshow for https://m.facebook.com/
[Parent 18356, Gecko_IOThread] WARNING: pipe error (66): Connection reset by peer: file /build/firefox-LCnNpq/firefox-62.0+build2/ipc/chromium/src/chrome/common/ipc_channel_posix.cc, line 353
1538445907780	Marionette	INFO	Stopped listening on port 33601
1538446234661	mozrunner::runner	INFO	Running command: "/usr/bin/firefox" "-marionette" "-foreground" "-no-remote" "-profile" "/tmp/rust_mozprofile.4eqgRNypIi9k"
1538446235776	Marionette	INFO	Listening on port 42589
1538446235873	Marionette	WARN	TLS certificate errors will be ignored for this session
1538446235907	Marionette	DEBUG	[2147483649] Frame script loaded
1538446235908	Marionette	DEBUG	[2147483649] Frame script registered
1538446235916	Marionette	DEBUG	[2147483649] Received DOM event beforeunload for about:blank
1538446237364	Marionette	DEBUG	[2147483649] Received DOM event pagehide for about:blank
1538446237410	Marionette	DEBUG	[2147483649] Received DOM event DOMContentLoaded for https://m.facebook.com/
1538446237553	Marionette	DEBUG	[2147483649] Received DOM event pageshow for https://m.facebook.com/
console.warn: LoginRecipes: getRecipes: falling back to a synchronous message for: https://m.facebook.com
console.warn: nsLoginManager: searchLogins: `formSubmitURL` or `httpRealm` is recommended
1538446390736	Marionette	DEBUG	[4294967297] Frame script loaded
1538446390748	Marionette	DEBUG	[4294967297] Frame script registered
1538446390770	Marionette	DEBUG	[4294967299] Frame script loaded
1538446390770	Marionette	DEBUG	[4294967299] Frame script registered
1538446391728	Marionette	INFO	Stopped listening on port 42589
1538446439865	mozrunner::runner	INFO	Running command: "/usr/bin/firefox" "-marionette" "-foreground" "-no-remote" "-profile" "/tmp/rust_mozprofile.iQhmOYYzZIHn"
1538446441031	Marionette	INFO	Listening on port 35475
1538446441076	Marionette	WARN	TLS certificate errors will be ignored for this session
1538446441110	Marionette	DEBUG	[2147483649] Frame script loaded
1538446441112	Marionette	DEBUG	[2147483649] Frame script registered
1538446441121	Marionette	DEBUG	[2147483649] Received DOM event beforeunload for about:blank
1538446441420	Marionette	DEBUG	[2147483649] Received DOM event pagehide for about:blank
1538446441447	Marionette	DEBUG	[2147483649] Received DOM event DOMContentLoaded for https://m.facebook.com/
1538446441585	Marionette	DEBUG	[2147483649] Received DOM event pageshow for https://m.facebook.com/
1538446477598	mozrunner::runner	INFO	Running command: "/usr/bin/firefox" "-marionette" "-foreground" "-no-remote" "-profile" "/tmp/rust_mozprofile.OrRgyfzdyY0t"
1538446478872	Marionette	INFO	Listening on port 35891
1538446478904	Marionette	WARN	TLS certificate errors will be ignored for this session
1538446478938	Marionette	DEBUG	[2147483649] Frame script loaded
1538446478939	Marionette	DEBUG	[2147483649] Frame script registered
1538446478947	Marionette	DEBUG	[2147483649] Received DOM event beforeunload for about:blank
1538446479203	Marionette	DEBUG	[2147483649] Received DOM event pagehide for about:blank
1538446479225	Marionette	DEBUG	[2147483649] Received DOM event DOMContentLoaded for https://m.facebook.com/
1538446479404	Marionette	DEBUG	[2147483649] Received DOM event pageshow for https://m.facebook.com/
console.warn: LoginRecipes: getRecipes: falling back to a synchronous message for: https://m.facebook.com
console.warn: nsLoginManager: searchLogins: `formSubmitURL` or `httpRealm` is recommended
1538446539688	mozrunner::runner	INFO	Running command: "/usr/bin/firefox" "-marionette" "-foreground" "-no-remote" "-profile" "/tmp/rust_mozprofile.CjquBSXRKWW7"
1538446540886	Marionette	INFO	Listening on port 38437
1538446540893	Marionette	WARN	TLS certificate errors will be ignored for this session
1538446540928	Marionette	DEBUG	[2147483649] Frame script loaded
1538446540936	Marionette	DEBUG	[2147483649] Frame script registered
1538446540965	Marionette	DEBUG	[2147483649] Received DOM event beforeunload for about:blank
1538446542285	Marionette	DEBUG	[2147483649] Received DOM event pagehide for about:blank
1538446542330	Marionette	DEBUG	[2147483649] Received DOM event DOMContentLoaded for https://m.facebook.com/
1538446542455	Marionette	DEBUG	[2147483649] Received DOM event pageshow for https://m.facebook.com/
[Parent 20180, Gecko_IOThread] WARNING: pipe error (66): Connection reset by peer: file /build/firefox-LCnNpq/firefox-62.0+build2/ipc/chromium/src/chrome/common/ipc_channel_posix.cc, line 353
1538446576864	Marionette	INFO	Stopped listening on port 38437
1538446590007	mozrunner::runner	INFO	Running command: "/usr/bin/firefox" "-marionette" "-foreground" "-no-remote" "-profile" "/tmp/rust_mozprofile.nsTJTk6MUeRE"
1538446591140	Marionette	INFO	Listening on port 44091
1538446591211	Marionette	WARN	TLS certificate errors will be ignored for this session
1538446591243	Marionette	DEBUG	[2147483649] Frame script loaded
1538446591244	Marionette	DEBUG	[2147483649] Frame script registered
1538446591258	Marionette	DEBUG	[2147483649] Received DOM event beforeunload for about:blank
1538446592568	Marionette	DEBUG	[2147483649] Received DOM event pagehide for about:blank
1538446592608	Marionette	DEBUG	[2147483649] Received DOM event DOMContentLoaded for https://m.facebook.com/
1538446592741	Marionette	DEBUG	[2147483649] Received DOM event pageshow for https://m.facebook.com/
1538446607690	Marionette	DEBUG	[4294967297] Frame script loaded
1538446607691	Marionette	DEBUG	[4294967297] Frame script registered
1538446607711	Marionette	DEBUG	[4294967299] Frame script loaded
1538446607712	Marionette	DEBUG	[4294967299] Frame script registered
[Parent 20445, Gecko_IOThread] WARNING: pipe error (99): Connection reset by peer: file /build/firefox-LCnNpq/firefox-62.0+build2/ipc/chromium/src/chrome/common/ipc_channel_posix.cc, line 353
1538446609596	Marionette	INFO	Stopped listening on port 44091
1538446622473	mozrunner::runner	INFO	Running command: "/usr/bin/firefox" "-marionette" "-foreground" "-no-remote" "-profile" "/tmp/rust_mozprofile.5r40IA8ca21S"
1538446623698	Marionette	INFO	Listening on port 39387
1538446623777	Marionette	WARN	TLS certificate errors will be ignored for this session
1538446623811	Marionette	DEBUG	[2147483649] Frame script loaded
1538446623811	Marionette	DEBUG	[2147483649] Frame script registered
1538446623821	Marionette	DEBUG	[2147483649] Received DOM event beforeunload for about:blank
1538446624119	Marionette	DEBUG	[2147483649] Received DOM event pagehide for about:blank
1538446624160	Marionette	DEBUG	[2147483649] Received DOM event DOMContentLoaded for https://m.facebook.com/
1538446624270	Marionette	DEBUG	[2147483649] Received DOM event pageshow for https://m.facebook.com/
1538446646862	Marionette	DEBUG	[4294967297] Frame script loaded
1538446646863	Marionette	DEBUG	[4294967297] Frame script registered
1538446646883	Marionette	DEBUG	[4294967299] Frame script loaded
1538446646883	Marionette	DEBUG	[4294967299] Frame script registered
[Parent 20836, Gecko_IOThread] WARNING: pipe error (103): Connection reset by peer: file /build/firefox-LCnNpq/firefox-62.0+build2/ipc/chromium/src/chrome/common/ipc_channel_posix.cc, line 353
1538446648201	Marionette	INFO	Stopped listening on port 39387
1538446661648	mozrunner::runner	INFO	Running command: "/usr/bin/firefox" "-marionette" "-foreground" "-no-remote" "-profile" "/tmp/rust_mozprofile.cmXdEKQvH5qC"
1538446662751	Marionette	INFO	Listening on port 33907
1538446662859	Marionette	WARN	TLS certificate errors will be ignored for this session
1538446662891	Marionette	DEBUG	[2147483649] Frame script loaded
1538446662891	Marionette	DEBUG	[2147483649] Frame script registered
1538446662900	Marionette	DEBUG	[2147483649] Received DOM event beforeunload for about:blank
1538446664296	Marionette	DEBUG	[2147483649] Received DOM event pagehide for about:blank
1538446664340	Marionette	DEBUG	[2147483649] Received DOM event DOMContentLoaded for https://m.facebook.com/
1538446664454	Marionette	DEBUG	[2147483649] Received DOM event pageshow for https://m.facebook.com/
1538446684305	Marionette	DEBUG	[2147483672] Frame script loaded
1538446684310	Marionette	DEBUG	[2147483672] Frame script registered
1538446684339	Marionette	DEBUG	[4294967297] Frame script loaded
1538446684340	Marionette	DEBUG	[4294967297] Frame script registered
[Parent 21186, Gecko_IOThread] WARNING: pipe error (73): Connection reset by peer: file /build/firefox-LCnNpq/firefox-62.0+build2/ipc/chromium/src/chrome/common/ipc_channel_posix.cc, line 353
[Parent 21186, Gecko_IOThread] WARNING: pipe error (99): Connection reset by peer: file /build/firefox-LCnNpq/firefox-62.0+build2/ipc/chromium/src/chrome/common/ipc_channel_posix.cc, line 353
1538446706341	Marionette	INFO	Stopped listening on port 33907
1538446721400	mozrunner::runner	INFO	Running command: "/usr/bin/firefox" "-marionette" "-foreground" "-no-remote" "-profile" "/tmp/rust_mozprofile.jbSEmzgUo2ur"
1538446722590	Marionette	INFO	Listening on port 45449
1538446722622	Marionette	WARN	TLS certificate errors will be ignored for this session
1538446722654	Marionette	DEBUG	[2147483649] Frame script loaded
1538446722655	Marionette	DEBUG	[2147483649] Frame script registered
1538446722669	Marionette	DEBUG	[2147483649] Received DOM event beforeunload for about:blank
1538446722962	Marionette	DEBUG	[2147483649] Received DOM event pagehide for about:blank
1538446722977	Marionette	DEBUG	[2147483649] Received DOM event DOMContentLoaded for https://m.facebook.com/
1538446723154	Marionette	DEBUG	[2147483649] Received DOM event pageshow for https://m.facebook.com/
